ARM GAS  /tmp/ccKwCCa6.s 			page 1


   1              		.cpu cortex-m3
   2              		.eabi_attribute 20, 1
   3              		.eabi_attribute 21, 1
   4              		.eabi_attribute 23, 3
   5              		.eabi_attribute 24, 1
   6              		.eabi_attribute 25, 1
   7              		.eabi_attribute 26, 1
   8              		.eabi_attribute 30, 1
   9              		.eabi_attribute 34, 1
  10              		.eabi_attribute 18, 4
  11              		.file	"debug.c"
  12              		.text
  13              	.Ltext0:
  14              		.cfi_sections	.debug_frame
  15              		.section	.text.write_u1,"ax",%progbits
  16              		.align	1
  17              		.global	write_u1
  18              		.syntax unified
  19              		.thumb
  20              		.thumb_func
  21              		.fpu softvfp
  23              	write_u1:
  24              	.LFB66:
  25              		.file 1 "Drivers/nlib/debug.c"
   1:Drivers/nlib/debug.c **** #include "debug.h"
   2:Drivers/nlib/debug.c **** #include "core.h"
   3:Drivers/nlib/debug.c **** 
   4:Drivers/nlib/debug.c **** void write_u1(char c)
   5:Drivers/nlib/debug.c **** {
  26              		.loc 1 5 0
  27              		.cfi_startproc
  28              		@ args = 0, pretend = 0, frame = 0
  29              		@ frame_needed = 0, uses_anonymous_args = 0
  30              		@ link register save eliminated.
  31              	.LVL0:
  32              	.L2:
   6:Drivers/nlib/debug.c **** 	while(!(USART1->SR & USART_SR_TC));
  33              		.loc 1 6 0 discriminator 1
  34 0000 034B     		ldr	r3, .L3
  35 0002 1B68     		ldr	r3, [r3]
  36 0004 13F0400F 		tst	r3, #64
  37 0008 FAD0     		beq	.L2
   7:Drivers/nlib/debug.c **** 	USART1->DR = c;
  38              		.loc 1 7 0
  39 000a 014B     		ldr	r3, .L3
  40 000c 5860     		str	r0, [r3, #4]
   8:Drivers/nlib/debug.c **** }
  41              		.loc 1 8 0
  42 000e 7047     		bx	lr
  43              	.L4:
  44              		.align	2
  45              	.L3:
  46 0010 00100140 		.word	1073811456
  47              		.cfi_endproc
  48              	.LFE66:
  50              		.text
  51              	.Letext0:
ARM GAS  /tmp/ccKwCCa6.s 			page 2


  52              		.file 2 "/home/nikita/software/gcc-arm-none-eabi-7-2018-q2-update/arm-none-eabi/include/machine/_d
  53              		.file 3 "/home/nikita/software/gcc-arm-none-eabi-7-2018-q2-update/arm-none-eabi/include/sys/_stdin
  54              		.file 4 "Drivers/CMSIS/Include/core_cm3.h"
  55              		.file 5 "Drivers/CMSIS/Device/ST/STM32F2xx/Include/system_stm32f2xx.h"
  56              		.file 6 "Drivers/CMSIS/Device/ST/STM32F2xx/Include/stm32f205xx.h"
  57              		.file 7 "/home/nikita/software/gcc-arm-none-eabi-7-2018-q2-update/arm-none-eabi/include/sys/lock.h
  58              		.file 8 "/home/nikita/software/gcc-arm-none-eabi-7-2018-q2-update/arm-none-eabi/include/sys/_types
  59              		.file 9 "/home/nikita/software/gcc-arm-none-eabi-7-2018-q2-update/lib/gcc/arm-none-eabi/7.3.1/incl
  60              		.file 10 "/home/nikita/software/gcc-arm-none-eabi-7-2018-q2-update/arm-none-eabi/include/sys/reent
ARM GAS  /tmp/ccKwCCa6.s 			page 3


DEFINED SYMBOLS
                            *ABS*:0000000000000000 debug.c
     /tmp/ccKwCCa6.s:16     .text.write_u1:0000000000000000 $t
     /tmp/ccKwCCa6.s:23     .text.write_u1:0000000000000000 write_u1
     /tmp/ccKwCCa6.s:46     .text.write_u1:0000000000000010 $d

NO UNDEFINED SYMBOLS
