ARM GAS  /tmp/ccAy6M0i.s 			page 1


   1              		.cpu cortex-m3
   2              		.eabi_attribute 20, 1
   3              		.eabi_attribute 21, 1
   4              		.eabi_attribute 23, 3
   5              		.eabi_attribute 24, 1
   6              		.eabi_attribute 25, 1
   7              		.eabi_attribute 26, 1
   8              		.eabi_attribute 30, 1
   9              		.eabi_attribute 34, 1
  10              		.eabi_attribute 18, 4
  11              		.file	"timer.c"
  12              		.text
  13              	.Ltext0:
  14              		.cfi_sections	.debug_frame
  15              		.section	.text.init_systick,"ax",%progbits
  16              		.align	1
  17              		.global	init_systick
  18              		.syntax unified
  19              		.thumb
  20              		.thumb_func
  21              		.fpu softvfp
  23              	init_systick:
  24              	.LFB66:
  25              		.file 1 "Drivers/nlib/timer.c"
   1:Drivers/nlib/timer.c **** #include "timer.h"
   2:Drivers/nlib/timer.c **** 
   3:Drivers/nlib/timer.c **** volatile u32 global_ms = 0;
   4:Drivers/nlib/timer.c **** 
   5:Drivers/nlib/timer.c **** // void SysTick_Handler(void)
   6:Drivers/nlib/timer.c **** // {
   7:Drivers/nlib/timer.c **** // 	global_ms++;
   8:Drivers/nlib/timer.c **** // }
   9:Drivers/nlib/timer.c **** 
  10:Drivers/nlib/timer.c **** void init_systick(void)
  11:Drivers/nlib/timer.c **** {
  26              		.loc 1 11 0
  27              		.cfi_startproc
  28              		@ args = 0, pretend = 0, frame = 0
  29              		@ frame_needed = 0, uses_anonymous_args = 0
  30              		@ link register save eliminated.
  12:Drivers/nlib/timer.c **** 	SysTick->LOAD = F_CPU/1000 - 1;
  31              		.loc 1 12 0
  32 0000 034B     		ldr	r3, .L2
  33 0002 044A     		ldr	r2, .L2+4
  34 0004 5A60     		str	r2, [r3, #4]
  13:Drivers/nlib/timer.c **** 	SysTick->VAL = 0;
  35              		.loc 1 13 0
  36 0006 0022     		movs	r2, #0
  37 0008 9A60     		str	r2, [r3, #8]
  14:Drivers/nlib/timer.c **** 	SysTick->CTRL = (1 << 2) + (1 << 1) + (1 << 0);		// CLKSOURCE + TICKINT + ENABLE
  38              		.loc 1 14 0
  39 000a 0722     		movs	r2, #7
  40 000c 1A60     		str	r2, [r3]
  15:Drivers/nlib/timer.c **** }
  41              		.loc 1 15 0
  42 000e 7047     		bx	lr
  43              	.L3:
ARM GAS  /tmp/ccAy6M0i.s 			page 2


  44              		.align	2
  45              	.L2:
  46 0010 10E000E0 		.word	-536813552
  47 0014 BFD40100 		.word	119999
  48              		.cfi_endproc
  49              	.LFE66:
  51              		.section	.text.delay_ms,"ax",%progbits
  52              		.align	1
  53              		.global	delay_ms
  54              		.syntax unified
  55              		.thumb
  56              		.thumb_func
  57              		.fpu softvfp
  59              	delay_ms:
  60              	.LFB67:
  16:Drivers/nlib/timer.c **** 
  17:Drivers/nlib/timer.c **** void delay_ms(u32 time)
  18:Drivers/nlib/timer.c **** {
  61              		.loc 1 18 0
  62              		.cfi_startproc
  63              		@ args = 0, pretend = 0, frame = 0
  64              		@ frame_needed = 0, uses_anonymous_args = 0
  65              		@ link register save eliminated.
  66              	.LVL0:
  19:Drivers/nlib/timer.c **** 	int start_time = global_ms;
  67              		.loc 1 19 0
  68 0000 034B     		ldr	r3, .L6
  69 0002 1A68     		ldr	r2, [r3]
  70              	.LVL1:
  71              	.L5:
  20:Drivers/nlib/timer.c **** 	while(global_ms - start_time < time);
  72              		.loc 1 20 0 discriminator 1
  73 0004 024B     		ldr	r3, .L6
  74 0006 1B68     		ldr	r3, [r3]
  75 0008 9B1A     		subs	r3, r3, r2
  76 000a 8342     		cmp	r3, r0
  77 000c FAD3     		bcc	.L5
  21:Drivers/nlib/timer.c **** }
  78              		.loc 1 21 0
  79 000e 7047     		bx	lr
  80              	.L7:
  81              		.align	2
  82              	.L6:
  83 0010 00000000 		.word	.LANCHOR0
  84              		.cfi_endproc
  85              	.LFE67:
  87              		.section	.text.delay_us,"ax",%progbits
  88              		.align	1
  89              		.global	delay_us
  90              		.syntax unified
  91              		.thumb
  92              		.thumb_func
  93              		.fpu softvfp
  95              	delay_us:
  96              	.LFB68:
  22:Drivers/nlib/timer.c **** 
  23:Drivers/nlib/timer.c **** void delay_us(u32 time)
ARM GAS  /tmp/ccAy6M0i.s 			page 3


  24:Drivers/nlib/timer.c **** {
  97              		.loc 1 24 0
  98              		.cfi_startproc
  99              		@ args = 0, pretend = 0, frame = 8
 100              		@ frame_needed = 0, uses_anonymous_args = 0
 101              		@ link register save eliminated.
 102              	.LVL2:
 103 0000 82B0     		sub	sp, sp, #8
 104              	.LCFI0:
 105              		.cfi_def_cfa_offset 8
  25:Drivers/nlib/timer.c **** 	uint32_t ticks = time * (F_CPU/1000000);
 106              		.loc 1 25 0
 107 0002 C0EB0010 		rsb	r0, r0, r0, lsl #4
 108              	.LVL3:
 109 0006 C100     		lsls	r1, r0, #3
 110              	.LVL4:
  26:Drivers/nlib/timer.c **** 	uint32_t start = SysTick->VAL;
 111              		.loc 1 26 0
 112 0008 0C4B     		ldr	r3, .L15
 113 000a 9A68     		ldr	r2, [r3, #8]
 114              	.LVL5:
  27:Drivers/nlib/timer.c **** 	volatile uint32_t countflag = SysTick->CTRL & (1 << 16);
 115              		.loc 1 27 0
 116 000c 1B68     		ldr	r3, [r3]
 117 000e 03F48033 		and	r3, r3, #65536
 118 0012 0193     		str	r3, [sp, #4]
  28:Drivers/nlib/timer.c **** 	countflag = 1;
 119              		.loc 1 28 0
 120 0014 0123     		movs	r3, #1
 121 0016 0193     		str	r3, [sp, #4]
 122              	.L9:
  29:Drivers/nlib/timer.c **** 	u32 systick_val;
  30:Drivers/nlib/timer.c **** 	while (countflag)
 123              		.loc 1 30 0
 124 0018 019B     		ldr	r3, [sp, #4]
 125 001a 63B1     		cbz	r3, .L14
  31:Drivers/nlib/timer.c **** 	{
  32:Drivers/nlib/timer.c **** 		systick_val = SysTick->VAL;
 126              		.loc 1 32 0
 127 001c 074B     		ldr	r3, .L15
 128 001e 9B68     		ldr	r3, [r3, #8]
 129              	.LVL6:
  33:Drivers/nlib/timer.c **** 		if (systick_val > start)
 130              		.loc 1 33 0
 131 0020 9A42     		cmp	r2, r3
 132 0022 02D2     		bcs	.L10
  34:Drivers/nlib/timer.c **** 		{
  35:Drivers/nlib/timer.c **** 			start += F_CPU/1000;
 133              		.loc 1 35 0
 134 0024 02F5EA32 		add	r2, r2, #119808
 135              	.LVL7:
 136 0028 C032     		adds	r2, r2, #192
 137              	.LVL8:
 138              	.L10:
  36:Drivers/nlib/timer.c **** 		}
  37:Drivers/nlib/timer.c **** 		if (start - systick_val > ticks) countflag = 0;
 139              		.loc 1 37 0
ARM GAS  /tmp/ccAy6M0i.s 			page 4


 140 002a D31A     		subs	r3, r2, r3
 141              	.LVL9:
 142 002c 8B42     		cmp	r3, r1
 143 002e F3D9     		bls	.L9
 144              		.loc 1 37 0 is_stmt 0 discriminator 1
 145 0030 0023     		movs	r3, #0
 146 0032 0193     		str	r3, [sp, #4]
 147 0034 F0E7     		b	.L9
 148              	.L14:
  38:Drivers/nlib/timer.c **** 	}
  39:Drivers/nlib/timer.c **** }
 149              		.loc 1 39 0 is_stmt 1
 150 0036 02B0     		add	sp, sp, #8
 151              	.LCFI1:
 152              		.cfi_def_cfa_offset 0
 153              		@ sp needed
 154 0038 7047     		bx	lr
 155              	.L16:
 156 003a 00BF     		.align	2
 157              	.L15:
 158 003c 10E000E0 		.word	-536813552
 159              		.cfi_endproc
 160              	.LFE68:
 162              		.global	global_ms
 163              		.section	.bss.global_ms,"aw",%nobits
 164              		.align	2
 165              		.set	.LANCHOR0,. + 0
 168              	global_ms:
 169 0000 00000000 		.space	4
 170              		.text
 171              	.Letext0:
 172              		.file 2 "/home/nikita/software/gcc-arm-none-eabi-7-2018-q2-update/arm-none-eabi/include/machine/_d
 173              		.file 3 "/home/nikita/software/gcc-arm-none-eabi-7-2018-q2-update/arm-none-eabi/include/sys/_stdin
 174              		.file 4 "Drivers/CMSIS/Include/core_cm3.h"
 175              		.file 5 "Drivers/CMSIS/Device/ST/STM32F2xx/Include/system_stm32f2xx.h"
 176              		.file 6 "/home/nikita/software/gcc-arm-none-eabi-7-2018-q2-update/arm-none-eabi/include/sys/lock.h
 177              		.file 7 "/home/nikita/software/gcc-arm-none-eabi-7-2018-q2-update/arm-none-eabi/include/sys/_types
 178              		.file 8 "/home/nikita/software/gcc-arm-none-eabi-7-2018-q2-update/lib/gcc/arm-none-eabi/7.3.1/incl
 179              		.file 9 "/home/nikita/software/gcc-arm-none-eabi-7-2018-q2-update/arm-none-eabi/include/sys/reent.
 180              		.file 10 "Drivers/nlib/timer.h"
 181              		.file 11 "Drivers/nlib/core.h"
ARM GAS  /tmp/ccAy6M0i.s 			page 5


DEFINED SYMBOLS
                            *ABS*:0000000000000000 timer.c
     /tmp/ccAy6M0i.s:16     .text.init_systick:0000000000000000 $t
     /tmp/ccAy6M0i.s:23     .text.init_systick:0000000000000000 init_systick
     /tmp/ccAy6M0i.s:46     .text.init_systick:0000000000000010 $d
     /tmp/ccAy6M0i.s:52     .text.delay_ms:0000000000000000 $t
     /tmp/ccAy6M0i.s:59     .text.delay_ms:0000000000000000 delay_ms
     /tmp/ccAy6M0i.s:83     .text.delay_ms:0000000000000010 $d
     /tmp/ccAy6M0i.s:88     .text.delay_us:0000000000000000 $t
     /tmp/ccAy6M0i.s:95     .text.delay_us:0000000000000000 delay_us
     /tmp/ccAy6M0i.s:158    .text.delay_us:000000000000003c $d
     /tmp/ccAy6M0i.s:168    .bss.global_ms:0000000000000000 global_ms
     /tmp/ccAy6M0i.s:164    .bss.global_ms:0000000000000000 $d

NO UNDEFINED SYMBOLS
